<?xml version="1.0" encoding="UTF-8"?>
<!-- Generated by org.testng.reporters.JUnitReportReporter -->
<testsuite skipped="0" hostname="Fahims-MBP-6" name="cucmberRunner.CucumberTest" tests="1" failures="0" timestamp="2020-02-09T02:15:34 EST" time="13.500" errors="0">
  <testcase name="runScenario" time="13.500" classname="cucmberRunner.CucumberTest"/>
</testsuite> <!-- cucmberRunner.CucumberTest -->
