<?xml version="1.0" encoding="UTF-8"?>
<!-- Generated by org.testng.reporters.JUnitReportReporter -->
<testsuite skipped="0" hostname="Fahims-MBP-6" name="Test.AllTestRunner" tests="1" failures="0" timestamp="2020-02-09T20:53:47 EST" time="16.513" errors="0">
  <testcase name="Home" time="16.513" classname="Test.AllTestRunner"/>
</testsuite> <!-- Test.AllTestRunner -->
