<?xml version="1.0" encoding="UTF-8"?>
<!-- Generated by org.testng.reporters.JUnitReportReporter -->
<testsuite skipped="0" hostname="LAPTOP-UBUFR3T2" name="Test.AllTestRunner" tests="2" failures="0" timestamp="2020-02-08T12:55:33 EST" time="50.183" errors="0">
  <testcase name="sunTrustHome" time="27.249" classname="Test.AllTestRunner"/>
  <testcase name="llBeansInc" time="22.934" classname="Test.AllTestRunner"/>
</testsuite> <!-- Test.AllTestRunner -->
