<?xml version="1.0" encoding="UTF-8"?>
<!-- Generated by org.testng.reporters.JUnitReportReporter -->
<testsuite skipped="0" hostname="Fahims-MBP-6" name="Test.AllTestRunner" tests="2" failures="0" timestamp="2020-02-08T14:58:48 EST" time="51.342" errors="0">
  <testcase name="sunTrustHome" time="29.998" classname="Test.AllTestRunner"/>
  <testcase name="llBeansInc" time="21.344" classname="Test.AllTestRunner"/>
</testsuite> <!-- Test.AllTestRunner -->
