<?xml version="1.0" encoding="UTF-8"?>
<!-- Generated by org.testng.reporters.JUnitReportReporter -->
<testsuite skipped="0" hostname="LAPTOP-UBUFR3T2" name="Utility.SharedConfig" tests="1" failures="0" timestamp="2020-02-08T04:34:58 EST" time="0.021" errors="0">
  <testcase name="config" time="0.021" classname="Utility.SharedConfig"/>
</testsuite> <!-- Utility.SharedConfig -->
