<?xml version="1.0" encoding="UTF-8"?>
<!-- Generated by org.testng.reporters.JUnitReportReporter -->
<testsuite skipped="0" hostname="Fahims-MBP-6" name="Test.AllTestRunner" tests="2" failures="0" timestamp="2020-02-09T00:48:23 EST" time="53.308" errors="0">
  <testcase name="llBeansInc" time="21.852" classname="Test.AllTestRunner"/>
  <testcase name="sunTrustHome" time="31.456" classname="Test.AllTestRunner"/>
</testsuite> <!-- Test.AllTestRunner -->
